
========================================
Import: C:\Users\16617\Downloads\SMASH MOUTH.All star.mid
Time: Mon Jan  5 18:24:08 2026
========================================
Original PPQN: 192
Track Count: 12
File Duration (ticks): 64462
File Duration (quarters): 335.74

Tempo Events:
  Track 0, Tick 0: 108 BPM

Time Signature Events:
  Track 0, Tick 0: 4/4

Converting to PPQN: 960

========================================
Import: C:\Users\16617\Downloads\SMASH MOUTH.All star.mid
Time: Mon Jan  5 18:26:41 2026
========================================
Original PPQN: 192
Track Count: 12
File Duration (ticks): 64462
File Duration (quarters): 335.74

Tempo Events:
  Track 0, Tick 0: 108 BPM

Time Signature Events:
  Track 0, Tick 0: 4/4

Converting to PPQN: 960

========================================
Import: C:\Users\16617\Downloads\SMASH MOUTH.All star.mid
Time: Mon Jan  5 18:37:56 2026
========================================
Original PPQN: 192
Track Count: 12
File Duration (ticks): 64462
File Duration (quarters): 335.74

Tempo Events:
  Track 0, Tick 0: 108 BPM

Time Signature Events:
  Track 0, Tick 0: 4/4

Converting to PPQN: 960
Tick Conversion Ratio: 5x

========================================
Import: C:\Users\16617\Downloads\Foreigner - Cold As Ice.mid
Time: Mon Jan  5 22:23:10 2026
========================================
Original PPQN: 480
Track Count: 14
File Duration (ticks): 201640
File Duration (quarters): 420.083

Tempo Events:
  Track 0, Tick 0: 124 BPM

Time Signature Events:
  Track 0, Tick 0: 4/4

Converting to PPQN: 960
Tick Conversion Ratio: 2x

========================================
Import: C:\Users\16617\Downloads\Foreigner - Cold As Ice.mid
Time: Mon Jan  5 22:42:21 2026
========================================
Original PPQN: 480
Track Count: 14
File Duration (ticks): 201640
File Duration (quarters): 420.083

Tempo Events:
  Track 0, Tick 0: 124 BPM

Time Signature Events:
  Track 0, Tick 0: 4/4

Converting to PPQN: 960
Tick Conversion Ratio: 2x

========================================
Import: C:\Users\16617\Downloads\Foreigner - Cold As Ice.mid
Time: Mon Jan  5 23:09:44 2026
========================================
Original PPQN: 480
Track Count: 14
File Duration (ticks): 201640
File Duration (quarters): 420.083

Tempo Events:
  Track 0, Tick 0: 124 BPM

Time Signature Events:
  Track 0, Tick 0: 4/4

Converting to PPQN: 960
Tick Conversion Ratio: 2x

========================================
Import: C:\Users\16617\Downloads\Metallica - Nothing Else Matters.mid
Time: Tue Jan  6 02:15:23 2026
========================================
Original PPQN: 120
Track Count: 17
File Duration (ticks): 54269
File Duration (quarters): 452.242

Tempo Events:
  Track 0, Tick 0: 69 BPM

Time Signature Events:
  Track 0, Tick 0: 6/8
  Track 0, Tick 2160: 3/8
  Track 0, Tick 2340: 6/8
  Track 0, Tick 19620: 3/8
  Track 0, Tick 19800: 6/8
  Track 0, Tick 25200: 3/8
  Track 0, Tick 25380: 6/8
  Track 0, Tick 41220: 3/8
  Track 0, Tick 41400: 6/8
  Track 0, Tick 49680: 11/16
  Track 0, Tick 50010: 3/8
  Track 0, Tick 50190: 6/8
  Track 0, Tick 51270: 11/16
  Track 0, Tick 51600: 3/8
  Track 0, Tick 51780: 6/8
  Track 0, Tick 52860: 11/16
  Track 0, Tick 53190: 3/8
  Track 0, Tick 53370: 6/8

Converting to PPQN: 960
Tick Conversion Ratio: 8x

========================================
Import: C:\Users\16617\Downloads\Foreigner - Cold As Ice.mid
Time: Tue Jan  6 03:25:10 2026
========================================
Original PPQN: 480
Track Count: 14
File Duration (ticks): 201640
File Duration (quarters): 420.083

Tempo Events:
  Track 0, Tick 0: 124 BPM

Time Signature Events:
  Track 0, Tick 0: 4/4

Converting to PPQN: 960
Tick Conversion Ratio: 2x
